{"/Users/chrisholden/projects/typescript/language-tokenizer/src/index.ts": {"path":"/Users/chrisholden/projects/typescript/language-tokenizer/src/index.ts","statementMap":{"0":{"start":{"line":1,"column":0},"end":{"line":1,"column":9}},"1":{"start":{"line":3,"column":9},"end":{"line":1,"column":60}}},"fnMap":{"0":{"name":"(anonymous_0)","decl":{"start":{"line":3,"column":9},"end":{"line":3,"column":26}},"loc":{"start":{"line":3,"column":9},"end":{"line":1,"column":60}}}},"branchMap":{},"s":{"0":1,"1":3},"f":{"0":2},"b":{}}
,"/Users/chrisholden/projects/typescript/language-tokenizer/src/lib/LanguageToken.ts": {"path":"/Users/chrisholden/projects/typescript/language-tokenizer/src/lib/LanguageToken.ts","statementMap":{"0":{"start":{"line":1,"column":0},"end":{"line":1,"column":13}},"1":{"start":{"line":5,"column":4},"end":{"line":5,"column":37}},"2":{"start":{"line":7,"column":0},"end":{"line":7,"column":null}},"3":{"start":{"line":1,"column":13},"end":{"line":1,"column":26}}},"fnMap":{"0":{"name":"(anonymous_0)","decl":{"start":{"line":1,"column":0},"end":{"line":1,"column":13}},"loc":{"start":{"line":1,"column":0},"end":{"line":7,"column":null}}}},"branchMap":{},"s":{"0":1,"1":23,"2":1,"3":1},"f":{"0":24},"b":{}}
,"/Users/chrisholden/projects/typescript/language-tokenizer/src/lib/LanguageTokeniser.ts": {"path":"/Users/chrisholden/projects/typescript/language-tokenizer/src/lib/LanguageTokeniser.ts","statementMap":{"0":{"start":{"line":1,"column":0},"end":{"line":1,"column":48}},"1":{"start":{"line":2,"column":0},"end":{"line":2,"column":68}},"2":{"start":{"line":4,"column":15},"end":{"line":4,"column":27}},"3":{"start":{"line":6,"column":26},"end":{"line":11,"column":2}},"4":{"start":{"line":13,"column":0},"end":{"line":13,"column":13}},"5":{"start":{"line":15,"column":4},"end":{"line":27,"column":null}},"6":{"start":{"line":16,"column":39},"end":{"line":16,"column":41}},"7":{"start":{"line":18,"column":20},"end":{"line":18,"column":21}},"8":{"start":{"line":19,"column":8},"end":{"line":23,"column":null}},"9":{"start":{"line":20,"column":40},"end":{"line":20,"column":85}},"10":{"start":{"line":21,"column":12},"end":{"line":21,"column":76}},"11":{"start":{"line":22,"column":12},"end":{"line":22,"column":39}},"12":{"start":{"line":25,"column":23},"end":{"line":25,"column":58}},"13":{"start":{"line":26,"column":8},"end":{"line":26,"column":22}},"14":{"start":{"line":29,"column":12},"end":{"line":31,"column":null}},"15":{"start":{"line":30,"column":8},"end":{"line":30,"column":42}},"16":{"start":{"line":33,"column":12},"end":{"line":35,"column":null}},"17":{"start":{"line":34,"column":8},"end":{"line":34,"column":66}},"18":{"start":{"line":37,"column":12},"end":{"line":65,"column":null}},"19":{"start":{"line":38,"column":30},"end":{"line":38,"column":50}},"20":{"start":{"line":40,"column":12},"end":{"line":64,"column":null}},"21":{"start":{"line":41,"column":30},"end":{"line":41,"column":49}},"22":{"start":{"line":42,"column":16},"end":{"line":42,"column":50}},"23":{"start":{"line":43,"column":16},"end":{"line":43,"column":60}},"24":{"start":{"line":44,"column":16},"end":{"line":44,"column":35}},"25":{"start":{"line":45,"column":16},"end":{"line":45,"column":85}},"26":{"start":{"line":46,"column":19},"end":{"line":64,"column":null}},"27":{"start":{"line":47,"column":30},"end":{"line":47,"column":49}},"28":{"start":{"line":48,"column":16},"end":{"line":48,"column":50}},"29":{"start":{"line":49,"column":16},"end":{"line":49,"column":60}},"30":{"start":{"line":50,"column":16},"end":{"line":50,"column":35}},"31":{"start":{"line":51,"column":16},"end":{"line":51,"column":null}},"32":{"start":{"line":52,"column":19},"end":{"line":64,"column":null}},"33":{"start":{"line":53,"column":30},"end":{"line":53,"column":49}},"34":{"start":{"line":54,"column":16},"end":{"line":54,"column":67}},"35":{"start":{"line":55,"column":16},"end":{"line":55,"column":66}},"36":{"start":{"line":56,"column":16},"end":{"line":56,"column":35}},"37":{"start":{"line":57,"column":16},"end":{"line":57,"column":29}},"38":{"start":{"line":59,"column":30},"end":{"line":59,"column":49}},"39":{"start":{"line":60,"column":16},"end":{"line":60,"column":67}},"40":{"start":{"line":61,"column":16},"end":{"line":61,"column":62}},"41":{"start":{"line":62,"column":16},"end":{"line":62,"column":35}},"42":{"start":{"line":63,"column":16},"end":{"line":63,"column":29}},"43":{"start":{"line":67,"column":12},"end":{"line":91,"column":null}},"44":{"start":{"line":68,"column":8},"end":{"line":88,"column":null}},"45":{"start":{"line":69,"column":30},"end":{"line":69,"column":50}},"46":{"start":{"line":71,"column":12},"end":{"line":85,"column":null}},"47":{"start":{"line":72,"column":16},"end":{"line":74,"column":null}},"48":{"start":{"line":73,"column":20},"end":{"line":73,"column":56}},"49":{"start":{"line":75,"column":16},"end":{"line":75,"column":93}},"50":{"start":{"line":76,"column":19},"end":{"line":85,"column":null}},"51":{"start":{"line":77,"column":16},"end":{"line":79,"column":null}},"52":{"start":{"line":78,"column":20},"end":{"line":78,"column":56}},"53":{"start":{"line":80,"column":16},"end":{"line":80,"column":92}},"54":{"start":{"line":83,"column":16},"end":{"line":83,"column":57}},"55":{"start":{"line":84,"column":16},"end":{"line":84,"column":36}},"56":{"start":{"line":87,"column":12},"end":{"line":87,"column":52}},"57":{"start":{"line":90,"column":8},"end":{"line":90,"column":28}},"58":{"start":{"line":93,"column":0},"end":{"line":93,"column":null}},"59":{"start":{"line":13,"column":13},"end":{"line":13,"column":30}}},"fnMap":{"0":{"name":"(anonymous_0)","decl":{"start":{"line":13,"column":0},"end":{"line":13,"column":13}},"loc":{"start":{"line":13,"column":0},"end":{"line":93,"column":null}}},"1":{"name":"(anonymous_2)","decl":{"start":{"line":15,"column":4},"end":{"line":15,"column":11}},"loc":{"start":{"line":15,"column":24},"end":{"line":27,"column":5}}},"2":{"name":"(anonymous_3)","decl":{"start":{"line":29,"column":4},"end":{"line":29,"column":12}},"loc":{"start":{"line":29,"column":30},"end":{"line":31,"column":5}}},"3":{"name":"(anonymous_4)","decl":{"start":{"line":33,"column":4},"end":{"line":33,"column":12}},"loc":{"start":{"line":33,"column":30},"end":{"line":35,"column":5}}},"4":{"name":"(anonymous_5)","decl":{"start":{"line":37,"column":4},"end":{"line":37,"column":12}},"loc":{"start":{"line":37,"column":90},"end":{"line":65,"column":5}}},"5":{"name":"(anonymous_6)","decl":{"start":{"line":67,"column":4},"end":{"line":67,"column":12}},"loc":{"start":{"line":67,"column":133},"end":{"line":91,"column":5}}}},"branchMap":{"0":{"loc":{"start":{"line":40,"column":12},"end":{"line":64,"column":null}},"type":"if","locations":[{"start":{"line":40,"column":12},"end":{"line":64,"column":null}},{"start":{"line":40,"column":12},"end":{"line":64,"column":null}}]},"1":{"loc":{"start":{"line":46,"column":19},"end":{"line":64,"column":null}},"type":"if","locations":[{"start":{"line":46,"column":19},"end":{"line":64,"column":null}},{"start":{"line":46,"column":19},"end":{"line":64,"column":null}}]},"2":{"loc":{"start":{"line":52,"column":19},"end":{"line":64,"column":null}},"type":"if","locations":[{"start":{"line":52,"column":19},"end":{"line":64,"column":null}},{"start":{"line":52,"column":19},"end":{"line":64,"column":null}}]},"3":{"loc":{"start":{"line":52,"column":23},"end":{"line":52,"column":39}},"type":"binary-expr","locations":[{"start":{"line":52,"column":23},"end":{"line":52,"column":39}},{"start":{"line":52,"column":43},"end":{"line":52,"column":60}}]},"4":{"loc":{"start":{"line":68,"column":8},"end":{"line":88,"column":null}},"type":"if","locations":[{"start":{"line":68,"column":8},"end":{"line":88,"column":null}},{"start":{"line":68,"column":8},"end":{"line":88,"column":null}}]},"5":{"loc":{"start":{"line":71,"column":12},"end":{"line":85,"column":null}},"type":"if","locations":[{"start":{"line":71,"column":12},"end":{"line":85,"column":null}},{"start":{"line":71,"column":12},"end":{"line":85,"column":null}}]},"6":{"loc":{"start":{"line":72,"column":16},"end":{"line":74,"column":null}},"type":"if","locations":[{"start":{"line":72,"column":16},"end":{"line":74,"column":null}},{"start":{"line":72,"column":16},"end":{"line":74,"column":null}}]},"7":{"loc":{"start":{"line":76,"column":19},"end":{"line":85,"column":null}},"type":"if","locations":[{"start":{"line":76,"column":19},"end":{"line":85,"column":null}},{"start":{"line":76,"column":19},"end":{"line":85,"column":null}}]},"8":{"loc":{"start":{"line":77,"column":16},"end":{"line":79,"column":null}},"type":"if","locations":[{"start":{"line":77,"column":16},"end":{"line":79,"column":null}},{"start":{"line":77,"column":16},"end":{"line":79,"column":null}}]}},"s":{"0":1,"1":1,"2":1,"3":1,"4":1,"5":1,"6":2,"7":2,"8":2,"9":23,"10":23,"11":23,"12":2,"13":2,"14":1,"15":51,"16":1,"17":58,"18":1,"19":23,"20":23,"21":11,"22":11,"23":11,"24":11,"25":11,"26":12,"27":0,"28":0,"29":0,"30":0,"31":0,"32":12,"33":10,"34":10,"35":10,"36":10,"37":10,"38":2,"39":2,"40":2,"41":2,"42":2,"43":1,"44":41,"45":39,"46":39,"47":4,"48":2,"49":4,"50":35,"51":26,"52":1,"53":26,"54":9,"55":9,"56":2,"57":2,"58":1,"59":1},"f":{"0":3,"1":2,"2":51,"3":58,"4":23,"5":41},"b":{"0":[11,12],"1":[0,12],"2":[10,2],"3":[12,2],"4":[39,2],"5":[4,35],"6":[2,2],"7":[26,9],"8":[1,25]}}
,"/Users/chrisholden/projects/typescript/language-tokenizer/src/lib/LanguageTokeniserResult.ts": {"path":"/Users/chrisholden/projects/typescript/language-tokenizer/src/lib/LanguageTokeniserResult.ts","statementMap":{"0":{"start":{"line":3,"column":0},"end":{"line":3,"column":13}},"1":{"start":{"line":7,"column":8},"end":{"line":7,"column":29}},"2":{"start":{"line":9,"column":0},"end":{"line":9,"column":null}},"3":{"start":{"line":3,"column":13},"end":{"line":3,"column":36}}},"fnMap":{"0":{"name":"(anonymous_0)","decl":{"start":{"line":3,"column":0},"end":{"line":3,"column":13}},"loc":{"start":{"line":3,"column":0},"end":{"line":9,"column":null}}},"1":{"name":"LanguageTokeniserResult","decl":{"start":{"line":6,"column":4},"end":{"line":6,"column":16}},"loc":{"start":{"line":6,"column":38},"end":{"line":8,"column":5}}}},"branchMap":{},"s":{"0":1,"1":2,"2":1,"3":1},"f":{"0":1,"1":2},"b":{}}
}
