TN:
SF:src/index.ts
FN:3,(anonymous_0)
FNF:1
FNH:1
FNDA:2,(anonymous_0)
DA:1,1
DA:3,3
LF:2
LH:2
BRF:0
BRH:0
end_of_record
TN:
SF:src/lib/LanguageToken.ts
FN:1,(anonymous_0)
FNF:1
FNH:1
FNDA:24,(anonymous_0)
DA:1,1
DA:5,23
DA:7,1
LF:3
LH:3
BRF:0
BRH:0
end_of_record
TN:
SF:src/lib/LanguageTokeniser.ts
FN:13,(anonymous_0)
FN:15,(anonymous_2)
FN:29,(anonymous_3)
FN:33,(anonymous_4)
FN:37,(anonymous_5)
FN:67,(anonymous_6)
FNF:6
FNH:6
FNDA:3,(anonymous_0)
FNDA:2,(anonymous_2)
FNDA:51,(anonymous_3)
FNDA:58,(anonymous_4)
FNDA:23,(anonymous_5)
FNDA:41,(anonymous_6)
DA:1,1
DA:2,1
DA:4,1
DA:6,1
DA:13,1
DA:15,1
DA:16,2
DA:18,2
DA:19,2
DA:20,23
DA:21,23
DA:22,23
DA:25,2
DA:26,2
DA:29,1
DA:30,51
DA:33,1
DA:34,58
DA:37,1
DA:38,23
DA:40,23
DA:41,11
DA:42,11
DA:43,11
DA:44,11
DA:45,11
DA:46,12
DA:47,0
DA:48,0
DA:49,0
DA:50,0
DA:51,0
DA:52,12
DA:53,10
DA:54,10
DA:55,10
DA:56,10
DA:57,10
DA:59,2
DA:60,2
DA:61,2
DA:62,2
DA:63,2
DA:67,1
DA:68,41
DA:69,39
DA:71,39
DA:72,4
DA:73,2
DA:75,4
DA:76,35
DA:77,26
DA:78,1
DA:80,26
DA:83,9
DA:84,9
DA:87,2
DA:90,2
DA:93,1
LF:59
LH:54
BRDA:40,0,0,11
BRDA:40,0,1,12
BRDA:46,1,0,0
BRDA:46,1,1,12
BRDA:52,2,0,10
BRDA:52,2,1,2
BRDA:52,3,0,12
BRDA:52,3,1,2
BRDA:68,4,0,39
BRDA:68,4,1,2
BRDA:71,5,0,4
BRDA:71,5,1,35
BRDA:72,6,0,2
BRDA:72,6,1,2
BRDA:76,7,0,26
BRDA:76,7,1,9
BRDA:77,8,0,1
BRDA:77,8,1,25
BRF:18
BRH:17
end_of_record
TN:
SF:src/lib/LanguageTokeniserResult.ts
FN:3,(anonymous_0)
FN:6,LanguageTokeniserResult
FNF:2
FNH:2
FNDA:1,(anonymous_0)
FNDA:2,LanguageTokeniserResult
DA:3,1
DA:7,2
DA:9,1
LF:3
LH:3
BRF:0
BRH:0
end_of_record
